<?xml version="1.0" encoding="UTF-8"?>
<!-- Generated by org.testng.reporters.JUnitReportReporter -->
<testsuite hostname="BCT-LTP-G1007" failures="0" tests="1" name="EC2JenkinSetup.EC2Test.BaseTest" time="13.680" errors="0" timestamp="2023-03-21T18:47:29 IST" skipped="0">
  <testcase classname="EC2JenkinSetup.EC2Test.BaseTest" name="setUp" time="13.680"/>
  <system-out/>
</testsuite> <!-- EC2JenkinSetup.EC2Test.BaseTest -->
