<?xml version="1.0" encoding="UTF-8"?>
<!-- Generated by org.testng.reporters.JUnitReportReporter -->
<testsuite hostname="BCT-LTP-G1007" failures="0" tests="1" name="EC2JenkinSetup.EC2Test.BaseTest" time="15.169" errors="0" timestamp="2023-03-22T09:50:02 IST" skipped="0">
  <testcase classname="EC2JenkinSetup.EC2Test.BaseTest" name="setUp" time="15.169"/>
  <system-out/>
</testsuite> <!-- EC2JenkinSetup.EC2Test.BaseTest -->
